2019-12-17 12:12:47>>>>>>
<xml>
  <ToUserName><![CDATA[toUser]]></ToUserName>
  <FromUserName><![CDATA[fromUser]]></FromUserName>
  <CreateTime>1348831860</CreateTime>
  <MsgType><![CDATA[text]]></MsgType>
  <Content><![CDATA[this is a test]]></Content>
  <MsgId>1234567890123456</MsgId>
</xml>

2019-12-19 01:12:21>>>>>>
  28_u0YPRXgliQRYsR3TCme1OJwKZsmN9ORuVACeUCat-zBjanWIl373lsvw4656u5FQ5PnNtEXL-FL5a4pgy9JArZl2wlBs8mBuUnV8Mo88UG8UmNEHxi3g188k5nXdukBvop_9NrDAtcQ5ItMKJLYdABACER

2019-12-23 09:51:35<xml>
	<ToUserName><![CDATA[gh_1fa6cdd0fa98]]></ToUserName>
	<FromUserName><![CDATA[oL9TIv4b2SPVu10NwRovMVTu9qVk]]></FromUserName>
	<CreateTime>1577094519</CreateTime>
	<MsgType><![CDATA[event]]></MsgType>
	<Event><![CDATA[subscribe]]></Event>
	<EventKey><![CDATA[]]></EventKey>
</xml>
2019-12-23 09:53:56<xml>
	<ToUserName><![CDATA[gh_1fa6cdd0fa98]]></ToUserName>
	<FromUserName><![CDATA[oL9TIv4b2SPVu10NwRovMVTu9qVk]]></FromUserName>
	<CreateTime>1577094519</CreateTime>
	<MsgType><![CDATA[event]]></MsgType>
	<Event><![CDATA[subscribe]]></Event>
	<EventKey><![CDATA[]]></EventKey>
</xml>
2019-12-23 09:54:31<xml>
	<ToUserName><![CDATA[gh_1fa6cdd0fa98]]></ToUserName>
	<FromUserName><![CDATA[oL9TIv4b2SPVu10NwRovMVTu9qVk]]></FromUserName>
	<CreateTime>1577094519</CreateTime>
	<MsgType><![CDATA[event]]></MsgType>
	<Event><![CDATA[subscribe]]></Event>
	<EventKey><![CDATA[]]></EventKey>
</xml>
2019-12-23 09:54:33<xml>
	<ToUserName><![CDATA[gh_1fa6cdd0fa98]]></ToUserName>
	<FromUserName><![CDATA[oL9TIv4b2SPVu10NwRovMVTu9qVk]]></FromUserName>
	<CreateTime>1577094519</CreateTime>
	<MsgType><![CDATA[event]]></MsgType>
	<Event><![CDATA[subscribe]]></Event>
	<EventKey><![CDATA[]]></EventKey>
</xml>
2019-12-23 09:54:34<xml>
	<ToUserName><![CDATA[gh_1fa6cdd0fa98]]></ToUserName>
	<FromUserName><![CDATA[oL9TIv4b2SPVu10NwRovMVTu9qVk]]></FromUserName>
	<CreateTime>1577094519</CreateTime>
	<MsgType><![CDATA[event]]></MsgType>
	<Event><![CDATA[subscribe]]></Event>
	<EventKey><![CDATA[]]></EventKey>
</xml>
2019-12-23 09:54:35<xml>
	<ToUserName><![CDATA[gh_1fa6cdd0fa98]]></ToUserName>
	<FromUserName><![CDATA[oL9TIv4b2SPVu10NwRovMVTu9qVk]]></FromUserName>
	<CreateTime>1577094519</CreateTime>
	<MsgType><![CDATA[event]]></MsgType>
	<Event><![CDATA[subscribe]]></Event>
	<EventKey><![CDATA[]]></EventKey>
</xml>
2019-12-23 09:54:37<xml>
	<ToUserName><![CDATA[gh_1fa6cdd0fa98]]></ToUserName>
	<FromUserName><![CDATA[oL9TIv4b2SPVu10NwRovMVTu9qVk]]></FromUserName>
	<CreateTime>1577094519</CreateTime>
	<MsgType><![CDATA[event]]></MsgType>
	<Event><![CDATA[subscribe]]></Event>
	<EventKey><![CDATA[]]></EventKey>
</xml>
2019-12-23 09:54:40<xml>
	<ToUserName><![CDATA[gh_1fa6cdd0fa98]]></ToUserName>
	<FromUserName><![CDATA[oL9TIv4b2SPVu10NwRovMVTu9qVk]]></FromUserName>
	<CreateTime>1577094519</CreateTime>
	<MsgType><![CDATA[event]]></MsgType>
	<Event><![CDATA[subscribe]]></Event>
	<EventKey><![CDATA[]]></EventKey>
</xml>
2019-12-23 09:56:34<xml>
	<ToUserName><![CDATA[gh_1fa6cdd0fa98]]></ToUserName>
	<FromUserName><![CDATA[oL9TIv4b2SPVu10NwRovMVTu9qVk]]></FromUserName>
	<CreateTime>1577094519</CreateTime>
	<MsgType><![CDATA[event]]></MsgType>
	<Event><![CDATA[subscribe]]></Event>
	<EventKey><![CDATA[]]></EventKey>
</xml>
2019-12-23 09:56:51<xml>
	<ToUserName><![CDATA[gh_1fa6cdd0fa98]]></ToUserName>
	<FromUserName><![CDATA[oL9TIv4b2SPVu10NwRovMVTu9qVk]]></FromUserName>
	<CreateTime>1577094519</CreateTime>
	<MsgType><![CDATA[event]]></MsgType>
	<Event><![CDATA[subscribe]]></Event>
	<EventKey><![CDATA[]]></EventKey>
</xml>
2019-12-23 09:56:54<xml>
	<ToUserName><![CDATA[gh_1fa6cdd0fa98]]></ToUserName>
	<FromUserName><![CDATA[oL9TIv4b2SPVu10NwRovMVTu9qVk]]></FromUserName>
	<CreateTime>1577094519</CreateTime>
	<MsgType><![CDATA[event]]></MsgType>
	<Event><![CDATA[subscribe]]></Event>
	<EventKey><![CDATA[]]></EventKey>
</xml>
2019-12-23 09:57:22<xml>
	<ToUserName><![CDATA[gh_1fa6cdd0fa98]]></ToUserName>
	<FromUserName><![CDATA[oL9TIv4b2SPVu10NwRovMVTu9qVk]]></FromUserName>
	<CreateTime>1577094519</CreateTime>
	<MsgType><![CDATA[event]]></MsgType>
	<Event><![CDATA[subscribe]]></Event>
	<EventKey><![CDATA[]]></EventKey>
</xml>
2019-12-23 09:57:24<xml>
	<ToUserName><![CDATA[gh_1fa6cdd0fa98]]></ToUserName>
	<FromUserName><![CDATA[oL9TIv4b2SPVu10NwRovMVTu9qVk]]></FromUserName>
	<CreateTime>1577094519</CreateTime>
	<MsgType><![CDATA[event]]></MsgType>
	<Event><![CDATA[subscribe]]></Event>
	<EventKey><![CDATA[]]></EventKey>
</xml>
2019-12-23 09:57:28<xml>
	<ToUserName><![CDATA[gh_1fa6cdd0fa98]]></ToUserName>
	<FromUserName><![CDATA[oL9TIv4b2SPVu10NwRovMVTu9qVk]]></FromUserName>
	<CreateTime>1577094519</CreateTime>
	<MsgType><![CDATA[event]]></MsgType>
	<Event><![CDATA[subscribe]]></Event>
	<EventKey><![CDATA[]]></EventKey>
</xml>
2019-12-23 09:58:12<xml>
	<ToUserName><![CDATA[gh_1fa6cdd0fa98]]></ToUserName>
	<FromUserName><![CDATA[oL9TIv4b2SPVu10NwRovMVTu9qVk]]></FromUserName>
	<CreateTime>1577094519</CreateTime>
	<MsgType><![CDATA[event]]></MsgType>
	<Event><![CDATA[subscribe]]></Event>
	<EventKey><![CDATA[]]></EventKey>
</xml>
2019-12-23 10:02:47<xml>
	<ToUserName><![CDATA[gh_1fa6cdd0fa98]]></ToUserName>
	<FromUserName><![CDATA[oL9TIv4b2SPVu10NwRovMVTu9qVk]]></FromUserName>
	<CreateTime>1577094519</CreateTime>
	<MsgType><![CDATA[event]]></MsgType>
	<Event><![CDATA[subscribe]]></Event>
	<EventKey><![CDATA[]]></EventKey>
</xml>
2019-12-23 10:03:07<xml>
	<ToUserName><![CDATA[gh_1fa6cdd0fa98]]></ToUserName>
	<FromUserName><![CDATA[oL9TIv4b2SPVu10NwRovMVTu9qVk]]></FromUserName>
	<CreateTime>1577094519</CreateTime>
	<MsgType><![CDATA[event]]></MsgType>
	<Event><![CDATA[subscribe]]></Event>
	<EventKey><![CDATA[]]></EventKey>
</xml>
2019-12-23 10:03:11<xml>
	<ToUserName><![CDATA[gh_1fa6cdd0fa98]]></ToUserName>
	<FromUserName><![CDATA[oL9TIv4b2SPVu10NwRovMVTu9qVk]]></FromUserName>
	<CreateTime>1577094519</CreateTime>
	<MsgType><![CDATA[event]]></MsgType>
	<Event><![CDATA[subscribe]]></Event>
	<EventKey><![CDATA[]]></EventKey>
</xml>
2019-12-23 10:03:13<xml>
	<ToUserName><![CDATA[gh_1fa6cdd0fa98]]></ToUserName>
	<FromUserName><![CDATA[oL9TIv4b2SPVu10NwRovMVTu9qVk]]></FromUserName>
	<CreateTime>1577094519</CreateTime>
	<MsgType><![CDATA[event]]></MsgType>
	<Event><![CDATA[subscribe]]></Event>
	<EventKey><![CDATA[]]></EventKey>
</xml>
2019-12-23 10:03:15<xml>
	<ToUserName><![CDATA[gh_1fa6cdd0fa98]]></ToUserName>
	<FromUserName><![CDATA[oL9TIv4b2SPVu10NwRovMVTu9qVk]]></FromUserName>
	<CreateTime>1577094519</CreateTime>
	<MsgType><![CDATA[event]]></MsgType>
	<Event><![CDATA[subscribe]]></Event>
	<EventKey><![CDATA[]]></EventKey>
</xml>
